<!DOCTYPE html PUBLIC "-//W3C//DTD XHTML 1.1//EN" "https://www.w3.org/TR/xhtml11/DTD/xhtml11.dtd">
<html xmlns="https://www.w3.org/1999/xhtml">
<head>
<meta http-equiv="content-type" content="text/html; charset=UTF-8"/>
<title>TestNG Report</title>
<style type="text/css">table {margin-bottom:10px;border-collapse:collapse;empty-cells:show}th,td {border:1px solid #009;padding:.25em .5em}th {vertical-align:bottom}td {vertical-align:top}table a {font-weight:bold}.stripe td {background-color: #E6EBF9}.num {text-align:right}.passedodd td {background-color: #3F3}.passedeven td {background-color: #0A0}.skippedodd td {background-color: #DDD}.skippedeven td {background-color: #CCC}.failedodd td,.attn {background-color: #F33}.failedeven td,.stripe .attn {background-color: #D00}.stacktrace {white-space:pre;font-family:monospace}.totop {font-size:85%;text-align:center;border-bottom:2px solid #000}.invisible {display:none}</style>
</head>
<body>
<table>
<tr><th>Test</th><th># Passed</th><th># Skipped</th><th># Retried</th><th># Failed</th><th>Time (ms)</th><th>Included Groups</th><th>Excluded Groups</th></tr>
<tr><th colspan="8">OpenCart Test Automation</th></tr>
<tr><td><a href="#t0">Accounts Page Test</a></td><td class="num">9</td><td class="num">0</td><td class="num">0</td><td class="num">0</td><td class="num">43,930</td><td></td><td></td></tr>
<tr class="stripe"><td><a href="#t1">Login Page Test</a></td><td class="num">3</td><td class="num">0</td><td class="num">0</td><td class="num attn">1</td><td class="num">43,085</td><td></td><td></td></tr>
<tr><td><a href="#t2">Results Page Test</a></td><td class="num">9</td><td class="num">0</td><td class="num">0</td><td class="num">0</td><td class="num">44,094</td><td></td><td></td></tr>
<tr class="stripe"><td><a href="#t3">Forgot Password Page Test</a></td><td class="num">3</td><td class="num">0</td><td class="num">0</td><td class="num">0</td><td class="num">45,921</td><td></td><td></td></tr>
<tr><td><a href="#t4">Register Page Test</a></td><td class="num">6</td><td class="num">0</td><td class="num">0</td><td class="num attn">2</td><td class="num">46,812</td><td></td><td></td></tr>
<tr class="stripe"><td><a href="#t5">Product Info Page Test</a></td><td class="num">10</td><td class="num">0</td><td class="num">0</td><td class="num">0</td><td class="num">47,364</td><td></td><td></td></tr>
<tr><th>Total</th><th class="num">40</th><th class="num">0</th><th class="num">0</th><th class="num attn">3</th><th class="num">271,206</th><th colspan="2"></th></tr>
</table>
<table id='summary'><thead><tr><th>Class</th><th>Method</th><th>Start</th><th>Time (ms)</th></tr></thead><tbody><tr><th colspan="4">OpenCart Test Automation</th></tr></tbody><tbody id="t0"><tr><th colspan="4">Accounts Page Test &#8212; passed</th></tr><tr class="passedeven"><td rowspan="9">com.qa.opencart.AccountPageTest</td><td><a href="#m0">accountPageTitleTest</a></td><td rowspan="1">1676437051655</td><td rowspan="1">52</td></tr><tr class="passedeven"><td><a href="#m1">headerSectionsTextTest</a></td><td rowspan="1">1676437051709</td><td rowspan="1">568</td></tr><tr class="passedeven"><td><a href="#m2">logOutLinkExistTest</a></td><td rowspan="1">1676437052300</td><td rowspan="1">318</td></tr><tr class="passedeven"><td><a href="#m3">myAccountSectionLinksTest</a></td><td rowspan="1">1676437052619</td><td rowspan="1">315</td></tr><tr class="passedeven"><td><a href="#m4">myAffiliateAccountSectionLinkTest</a></td><td rowspan="1">1676437052936</td><td rowspan="1">356</td></tr><tr class="passedeven"><td><a href="#m5">myOrdersSectionLinksTest</a></td><td rowspan="1">1676437053294</td><td rowspan="1">830</td></tr><tr class="passedeven"><td><a href="#m6">newsLetterSectionLinkTest</a></td><td rowspan="1">1676437054125</td><td rowspan="1">104</td></tr><tr class="passedeven"><td><a href="#m7">searchBoxExistTest</a></td><td rowspan="1">1676437054230</td><td rowspan="1">194</td></tr><tr class="passedeven"><td><a href="#m8">searchButtonTest</a></td><td rowspan="1">1676437054425</td><td rowspan="1">104</td></tr></tbody>
<tbody id="t1"><tr><th colspan="4">Login Page Test &#8212; failed</th></tr><tr class="failedeven"><td rowspan="1">com.qa.opencart.LoginPageTest</td><td><a href="#m9">invalidLoginTest</a></td><td rowspan="1">1676437048141</td><td rowspan="1">3429</td></tr><tr><th colspan="4">Login Page Test &#8212; passed</th></tr><tr class="passedeven"><td rowspan="3">com.qa.opencart.LoginPageTest</td><td><a href="#m10">forgotPasswordLinkTest</a></td><td rowspan="1">1676437047515</td><td rowspan="1">624</td></tr><tr class="passedeven"><td><a href="#m11">loginPageTitleTest</a></td><td rowspan="1">1676437051609</td><td rowspan="1">38</td></tr><tr class="passedeven"><td><a href="#m12">loginPageUrlTest</a></td><td rowspan="1">1676437051648</td><td rowspan="1">31</td></tr></tbody>
<tbody id="t2"><tr><th colspan="4">Results Page Test &#8212; passed</th></tr><tr class="passedeven"><td rowspan="9">com.qa.opencart.ResultsPageTest</td><td><a href="#m13">productHeaderTextTest</a></td><td rowspan="1">1676437053827</td><td rowspan="1">335</td></tr><tr class="passedeven"><td><a href="#m14">resultsPageBreadCrumbTest</a></td><td rowspan="1">1676437054163</td><td rowspan="1">533</td></tr><tr class="passedeven"><td><a href="#m15">resultsPageCheckBoxIsDisplayedTest</a></td><td rowspan="1">1676437054701</td><td rowspan="1">193</td></tr><tr class="passedeven"><td><a href="#m16">resultsPageDropDownsExistTest</a></td><td rowspan="1">1676437054896</td><td rowspan="1">395</td></tr><tr class="passedeven"><td><a href="#m17">resultsPageTitleTest</a></td><td rowspan="1">1676437055292</td><td rowspan="1">17</td></tr><tr class="passedeven"><td><a href="#m18">searchButtonTest</a></td><td rowspan="1">1676437055311</td><td rowspan="1">91</td></tr><tr class="passedeven"><td><a href="#m19">searchHeaderTextTest</a></td><td rowspan="1">1676437055405</td><td rowspan="1">81</td></tr><tr class="passedeven"><td><a href="#m20">searchTextBoxInnerTextProductNameTest</a></td><td rowspan="1">1676437055487</td><td rowspan="1">188</td></tr><tr class="passedeven"><td><a href="#m21">subCategoryCheckBoxIsEnabledTest</a></td><td rowspan="1">1676437055676</td><td rowspan="1">903</td></tr></tbody>
<tbody id="t3"><tr><th colspan="4">Forgot Password Page Test &#8212; passed</th></tr><tr class="passedeven"><td rowspan="3">com.qa.opencart.ForgotPasswordPageTest</td><td><a href="#m22">emailIdTextBoxExistTest</a></td><td rowspan="1">1676437046014</td><td rowspan="1">198</td></tr><tr class="passedeven"><td><a href="#m23">forgotPwdHeaderTextTest</a></td><td rowspan="1">1676437046231</td><td rowspan="1">101</td></tr><tr class="passedeven"><td><a href="#m24">forgotPwdPageTitleTest</a></td><td rowspan="1">1676437046335</td><td rowspan="1">17</td></tr></tbody>
<tbody id="t4"><tr><th colspan="4">Register Page Test &#8212; failed</th></tr><tr class="failedeven"><td rowspan="2">com.qa.opencart.RegisterPageTest</td><td><a href="#m25">newUserRegisterTest</a></td><td rowspan="2">1676437049255</td><td rowspan="2">8497</td></tr><tr class="failedeven"><td><a href="#m26">newUserRegisterTest</a></td></tr><tr><th colspan="4">Register Page Test &#8212; passed</th></tr><tr class="passedeven"><td rowspan="6">com.qa.opencart.RegisterPageTest</td><td><a href="#m27">registerPageHeaderLabelsTest</a></td><td rowspan="1">1676437060622</td><td rowspan="1">172</td></tr><tr class="passedeven"><td><a href="#m28">registerPageHeaderTextTest</a></td><td rowspan="1">1676437060795</td><td rowspan="1">63</td></tr><tr class="passedeven"><td><a href="#m29">registerPageLinkTest</a></td><td rowspan="1">1676437060860</td><td rowspan="1">131</td></tr><tr class="passedeven"><td><a href="#m30">registerPageTitleTest</a></td><td rowspan="1">1676437060992</td><td rowspan="1">13</td></tr><tr class="passedeven"><td><a href="#m31">registerPageWebElementsLabelsTest</a></td><td rowspan="1">1676437061006</td><td rowspan="1">282</td></tr><tr class="passedeven"><td><a href="#m32">registerPageWebElementsTest</a></td><td rowspan="1">1676437061289</td><td rowspan="1">199</td></tr></tbody>
<tbody id="t5"><tr><th colspan="4">Product Info Page Test &#8212; passed</th></tr><tr class="passedeven"><td rowspan="10">com.qa.opencart.ProductInfoPageTest</td><td><a href="#m33">addToCartButtonTest</a></td><td rowspan="1">1676437059670</td><td rowspan="1">101</td></tr><tr class="passedeven"><td><a href="#m34">compareButtonTest</a></td><td rowspan="1">1676437059773</td><td rowspan="1">122</td></tr><tr class="passedeven"><td><a href="#m35">descriptionLinkTest</a></td><td rowspan="1">1676437059896</td><td rowspan="1">1561</td></tr><tr class="passedeven"><td><a href="#m36">productDataTest</a></td><td rowspan="1">1676437061458</td><td rowspan="1">448</td></tr><tr class="passedeven"><td><a href="#m37">productImagesCountTest</a></td><td rowspan="1">1676437061907</td><td rowspan="1">37</td></tr><tr class="passedeven"><td><a href="#m38">productNavTabCountTest</a></td><td rowspan="1">1676437061946</td><td rowspan="1">42</td></tr><tr class="passedeven"><td><a href="#m39">quantityLabelTest</a></td><td rowspan="1">1676437061989</td><td rowspan="1">78</td></tr><tr class="passedeven"><td><a href="#m40">quantityTextBoxTest</a></td><td rowspan="1">1676437062069</td><td rowspan="1">61</td></tr><tr class="passedeven"><td><a href="#m41">specificationLinkTest</a></td><td rowspan="1">1676437062131</td><td rowspan="1">124</td></tr><tr class="passedeven"><td><a href="#m42">wishListButtonTest</a></td><td rowspan="1">1676437062256</td><td rowspan="1">61</td></tr></tbody>
</table>
<h2>Accounts Page Test</h2><h3 id="m0">com.qa.opencart.AccountPageTest#accountPageTitleTest</h3><table class="result"><tr><th class="invisible"/></tr></table><p class="totop"><a href="#summary">back to summary</a></p>
<h3 id="m1">com.qa.opencart.AccountPageTest#headerSectionsTextTest</h3><table class="result"><tr><th class="invisible"/></tr></table><p class="totop"><a href="#summary">back to summary</a></p>
<h3 id="m2">com.qa.opencart.AccountPageTest#logOutLinkExistTest</h3><table class="result"><tr><th class="invisible"/></tr></table><p class="totop"><a href="#summary">back to summary</a></p>
<h3 id="m3">com.qa.opencart.AccountPageTest#myAccountSectionLinksTest</h3><table class="result"><tr><th class="invisible"/></tr></table><p class="totop"><a href="#summary">back to summary</a></p>
<h3 id="m4">com.qa.opencart.AccountPageTest#myAffiliateAccountSectionLinkTest</h3><table class="result"><tr><th class="invisible"/></tr></table><p class="totop"><a href="#summary">back to summary</a></p>
<h3 id="m5">com.qa.opencart.AccountPageTest#myOrdersSectionLinksTest</h3><table class="result"><tr><th class="invisible"/></tr></table><p class="totop"><a href="#summary">back to summary</a></p>
<h3 id="m6">com.qa.opencart.AccountPageTest#newsLetterSectionLinkTest</h3><table class="result"><tr><th class="invisible"/></tr></table><p class="totop"><a href="#summary">back to summary</a></p>
<h3 id="m7">com.qa.opencart.AccountPageTest#searchBoxExistTest</h3><table class="result"><tr><th class="invisible"/></tr></table><p class="totop"><a href="#summary">back to summary</a></p>
<h3 id="m8">com.qa.opencart.AccountPageTest#searchButtonTest</h3><table class="result"><tr><th class="invisible"/></tr></table><p class="totop"><a href="#summary">back to summary</a></p>
<h2>Login Page Test</h2><h3 id="m9">com.qa.opencart.LoginPageTest#invalidLoginTest</h3><table class="result"><tr><th>Exception</th></tr><tr><td><div class="stacktrace">java.lang.AssertionError: expected [Warning: No match for E-Mail Address and/or Password.] but found [Warning: Your account has exceeded allowed number of login attempts. Please try again in 1 hour.]
	at org.testng.Assert.fail(Assert.java:110)
	at org.testng.Assert.failNotEquals(Assert.java:1577)
	at org.testng.Assert.assertEqualsImpl(Assert.java:149)
	at org.testng.Assert.assertEquals(Assert.java:131)
	at org.testng.Assert.assertEquals(Assert.java:655)
	at org.testng.Assert.assertEquals(Assert.java:665)
	at com.qa.opencart.LoginPageTest.invalidLoginTest(LoginPageTest.java:36)
	at java.base/jdk.internal.reflect.DirectMethodHandleAccessor.invoke(DirectMethodHandleAccessor.java:104)
	at java.base/java.lang.reflect.Method.invoke(Method.java:577)
	at org.testng.internal.invokers.MethodInvocationHelper.invokeMethod(MethodInvocationHelper.java:139)
	at org.testng.internal.invokers.TestInvoker.invokeMethod(TestInvoker.java:677)
	at org.testng.internal.invokers.TestInvoker.invokeTestMethod(TestInvoker.java:221)
	at org.testng.internal.invokers.MethodRunner.runInSequence(MethodRunner.java:50)
	at org.testng.internal.invokers.TestInvoker$MethodInvocationAgent.invoke(TestInvoker.java:969)
	at org.testng.internal.invokers.TestInvoker.invokeTestMethods(TestInvoker.java:194)
	at org.testng.internal.invokers.TestMethodWorker.invokeTestMethods(TestMethodWorker.java:148)
	at org.testng.internal.invokers.TestMethodWorker.run(TestMethodWorker.java:128)
	at java.base/java.util.ArrayList.forEach(ArrayList.java:1511)
	at org.testng.TestRunner.privateRun(TestRunner.java:829)
	at org.testng.TestRunner.run(TestRunner.java:602)
	at org.testng.SuiteRunner.runTest(SuiteRunner.java:437)
	at org.testng.SuiteRunner$SuiteWorker.run(SuiteRunner.java:475)
	at org.testng.internal.thread.ThreadUtil.lambda$execute$0(ThreadUtil.java:58)
	at java.base/java.util.concurrent.FutureTask.run(FutureTask.java:264)
	at java.base/java.util.concurrent.ThreadPoolExecutor.runWorker(ThreadPoolExecutor.java:1136)
	at java.base/java.util.concurrent.ThreadPoolExecutor$Worker.run(ThreadPoolExecutor.java:635)
	at java.base/java.lang.Thread.run(Thread.java:833)
</div></td></tr></table><p class="totop"><a href="#summary">back to summary</a></p>
<h3 id="m10">com.qa.opencart.LoginPageTest#forgotPasswordLinkTest</h3><table class="result"><tr><th class="invisible"/></tr></table><p class="totop"><a href="#summary">back to summary</a></p>
<h3 id="m11">com.qa.opencart.LoginPageTest#loginPageTitleTest</h3><table class="result"><tr><th class="invisible"/></tr></table><p class="totop"><a href="#summary">back to summary</a></p>
<h3 id="m12">com.qa.opencart.LoginPageTest#loginPageUrlTest</h3><table class="result"><tr><th class="invisible"/></tr></table><p class="totop"><a href="#summary">back to summary</a></p>
<h2>Results Page Test</h2><h3 id="m13">com.qa.opencart.ResultsPageTest#productHeaderTextTest</h3><table class="result"><tr><th class="invisible"/></tr></table><p class="totop"><a href="#summary">back to summary</a></p>
<h3 id="m14">com.qa.opencart.ResultsPageTest#resultsPageBreadCrumbTest</h3><table class="result"><tr><th class="invisible"/></tr></table><p class="totop"><a href="#summary">back to summary</a></p>
<h3 id="m15">com.qa.opencart.ResultsPageTest#resultsPageCheckBoxIsDisplayedTest</h3><table class="result"><tr><th class="invisible"/></tr></table><p class="totop"><a href="#summary">back to summary</a></p>
<h3 id="m16">com.qa.opencart.ResultsPageTest#resultsPageDropDownsExistTest</h3><table class="result"><tr><th class="invisible"/></tr></table><p class="totop"><a href="#summary">back to summary</a></p>
<h3 id="m17">com.qa.opencart.ResultsPageTest#resultsPageTitleTest</h3><table class="result"><tr><th class="invisible"/></tr></table><p class="totop"><a href="#summary">back to summary</a></p>
<h3 id="m18">com.qa.opencart.ResultsPageTest#searchButtonTest</h3><table class="result"><tr><th class="invisible"/></tr></table><p class="totop"><a href="#summary">back to summary</a></p>
<h3 id="m19">com.qa.opencart.ResultsPageTest#searchHeaderTextTest</h3><table class="result"><tr><th class="invisible"/></tr></table><p class="totop"><a href="#summary">back to summary</a></p>
<h3 id="m20">com.qa.opencart.ResultsPageTest#searchTextBoxInnerTextProductNameTest</h3><table class="result"><tr><th class="invisible"/></tr></table><p class="totop"><a href="#summary">back to summary</a></p>
<h3 id="m21">com.qa.opencart.ResultsPageTest#subCategoryCheckBoxIsEnabledTest</h3><table class="result"><tr><th class="invisible"/></tr></table><p class="totop"><a href="#summary">back to summary</a></p>
<h2>Forgot Password Page Test</h2><h3 id="m22">com.qa.opencart.ForgotPasswordPageTest#emailIdTextBoxExistTest</h3><table class="result"><tr><th class="invisible"/></tr></table><p class="totop"><a href="#summary">back to summary</a></p>
<h3 id="m23">com.qa.opencart.ForgotPasswordPageTest#forgotPwdHeaderTextTest</h3><table class="result"><tr><th class="invisible"/></tr></table><p class="totop"><a href="#summary">back to summary</a></p>
<h3 id="m24">com.qa.opencart.ForgotPasswordPageTest#forgotPwdPageTitleTest</h3><table class="result"><tr><th class="invisible"/></tr></table><p class="totop"><a href="#summary">back to summary</a></p>
<h2>Register Page Test</h2><h3 id="m25">com.qa.opencart.RegisterPageTest#newUserRegisterTest</h3><table class="result"><tr class="param"><th>Parameter #1</th><th>Parameter #2</th><th>Parameter #3</th><th>Parameter #4</th><th>Parameter #5</th><th>Parameter #6</th></tr><tr class="param stripe"><td>FirstMBwQvyiLpf</td><td>LastgfZfBXZDrp</td><td>TestT@test.com</td><td>5142182736</td><td>Test@2995</td><td>yes</td></tr><tr><th colspan="6">Exception</th></tr><tr><td colspan="6"><div class="stacktrace">java.lang.AssertionError: expected [true] but found [false]
	at org.testng.Assert.fail(Assert.java:110)
	at org.testng.Assert.failNotEquals(Assert.java:1577)
	at org.testng.Assert.assertTrue(Assert.java:56)
	at org.testng.Assert.assertTrue(Assert.java:66)
	at com.qa.opencart.RegisterPageTest.newUserRegisterTest(RegisterPageTest.java:78)
	at java.base/jdk.internal.reflect.DirectMethodHandleAccessor.invoke(DirectMethodHandleAccessor.java:104)
	at java.base/java.lang.reflect.Method.invoke(Method.java:577)
	at org.testng.internal.invokers.MethodInvocationHelper.invokeMethod(MethodInvocationHelper.java:139)
	at org.testng.internal.invokers.TestInvoker.invokeMethod(TestInvoker.java:677)
	at org.testng.internal.invokers.TestInvoker.invokeTestMethod(TestInvoker.java:221)
	at org.testng.internal.invokers.MethodRunner.runInSequence(MethodRunner.java:50)
	at org.testng.internal.invokers.TestInvoker$MethodInvocationAgent.invoke(TestInvoker.java:969)
	at org.testng.internal.invokers.TestInvoker.invokeTestMethods(TestInvoker.java:194)
	at org.testng.internal.invokers.TestMethodWorker.invokeTestMethods(TestMethodWorker.java:148)
	at org.testng.internal.invokers.TestMethodWorker.run(TestMethodWorker.java:128)
	at java.base/java.util.ArrayList.forEach(ArrayList.java:1511)
	at org.testng.TestRunner.privateRun(TestRunner.java:829)
	at org.testng.TestRunner.run(TestRunner.java:602)
	at org.testng.SuiteRunner.runTest(SuiteRunner.java:437)
	at org.testng.SuiteRunner$SuiteWorker.run(SuiteRunner.java:475)
	at org.testng.internal.thread.ThreadUtil.lambda$execute$0(ThreadUtil.java:58)
	at java.base/java.util.concurrent.FutureTask.run(FutureTask.java:264)
	at java.base/java.util.concurrent.ThreadPoolExecutor.runWorker(ThreadPoolExecutor.java:1136)
	at java.base/java.util.concurrent.ThreadPoolExecutor$Worker.run(ThreadPoolExecutor.java:635)
	at java.base/java.lang.Thread.run(Thread.java:833)
</div></td></tr></table><p class="totop"><a href="#summary">back to summary</a></p>
<h3 id="m26">com.qa.opencart.RegisterPageTest#newUserRegisterTest</h3><table class="result"><tr class="param"><th>Parameter #1</th><th>Parameter #2</th><th>Parameter #3</th><th>Parameter #4</th><th>Parameter #5</th><th>Parameter #6</th></tr><tr class="param stripe"><td>FirstRFQQLZEDiB</td><td>LastaSWrzFSKqe</td><td>TestG@test.com</td><td>2017019012</td><td>Test@3271</td><td>no</td></tr><tr><th colspan="6">Exception</th></tr><tr><td colspan="6"><div class="stacktrace">java.lang.AssertionError: expected [true] but found [false]
	at org.testng.Assert.fail(Assert.java:110)
	at org.testng.Assert.failNotEquals(Assert.java:1577)
	at org.testng.Assert.assertTrue(Assert.java:56)
	at org.testng.Assert.assertTrue(Assert.java:66)
	at com.qa.opencart.RegisterPageTest.newUserRegisterTest(RegisterPageTest.java:78)
	at java.base/jdk.internal.reflect.DirectMethodHandleAccessor.invoke(DirectMethodHandleAccessor.java:104)
	at java.base/java.lang.reflect.Method.invoke(Method.java:577)
	at org.testng.internal.invokers.MethodInvocationHelper.invokeMethod(MethodInvocationHelper.java:139)
	at org.testng.internal.invokers.TestInvoker.invokeMethod(TestInvoker.java:677)
	at org.testng.internal.invokers.TestInvoker.invokeTestMethod(TestInvoker.java:221)
	at org.testng.internal.invokers.MethodRunner.runInSequence(MethodRunner.java:50)
	at org.testng.internal.invokers.TestInvoker$MethodInvocationAgent.invoke(TestInvoker.java:969)
	at org.testng.internal.invokers.TestInvoker.invokeTestMethods(TestInvoker.java:194)
	at org.testng.internal.invokers.TestMethodWorker.invokeTestMethods(TestMethodWorker.java:148)
	at org.testng.internal.invokers.TestMethodWorker.run(TestMethodWorker.java:128)
	at java.base/java.util.ArrayList.forEach(ArrayList.java:1511)
	at org.testng.TestRunner.privateRun(TestRunner.java:829)
	at org.testng.TestRunner.run(TestRunner.java:602)
	at org.testng.SuiteRunner.runTest(SuiteRunner.java:437)
	at org.testng.SuiteRunner$SuiteWorker.run(SuiteRunner.java:475)
	at org.testng.internal.thread.ThreadUtil.lambda$execute$0(ThreadUtil.java:58)
	at java.base/java.util.concurrent.FutureTask.run(FutureTask.java:264)
	at java.base/java.util.concurrent.ThreadPoolExecutor.runWorker(ThreadPoolExecutor.java:1136)
	at java.base/java.util.concurrent.ThreadPoolExecutor$Worker.run(ThreadPoolExecutor.java:635)
	at java.base/java.lang.Thread.run(Thread.java:833)
</div></td></tr></table><p class="totop"><a href="#summary">back to summary</a></p>
<h3 id="m27">com.qa.opencart.RegisterPageTest#registerPageHeaderLabelsTest</h3><table class="result"><tr><th class="invisible"/></tr></table><p class="totop"><a href="#summary">back to summary</a></p>
<h3 id="m28">com.qa.opencart.RegisterPageTest#registerPageHeaderTextTest</h3><table class="result"><tr><th class="invisible"/></tr></table><p class="totop"><a href="#summary">back to summary</a></p>
<h3 id="m29">com.qa.opencart.RegisterPageTest#registerPageLinkTest</h3><table class="result"><tr><th class="invisible"/></tr></table><p class="totop"><a href="#summary">back to summary</a></p>
<h3 id="m30">com.qa.opencart.RegisterPageTest#registerPageTitleTest</h3><table class="result"><tr><th class="invisible"/></tr></table><p class="totop"><a href="#summary">back to summary</a></p>
<h3 id="m31">com.qa.opencart.RegisterPageTest#registerPageWebElementsLabelsTest</h3><table class="result"><tr><th class="invisible"/></tr></table><p class="totop"><a href="#summary">back to summary</a></p>
<h3 id="m32">com.qa.opencart.RegisterPageTest#registerPageWebElementsTest</h3><table class="result"><tr><th class="invisible"/></tr></table><p class="totop"><a href="#summary">back to summary</a></p>
<h2>Product Info Page Test</h2><h3 id="m33">com.qa.opencart.ProductInfoPageTest#addToCartButtonTest</h3><table class="result"><tr><th class="invisible"/></tr></table><p class="totop"><a href="#summary">back to summary</a></p>
<h3 id="m34">com.qa.opencart.ProductInfoPageTest#compareButtonTest</h3><table class="result"><tr><th class="invisible"/></tr></table><p class="totop"><a href="#summary">back to summary</a></p>
<h3 id="m35">com.qa.opencart.ProductInfoPageTest#descriptionLinkTest</h3><table class="result"><tr><th class="invisible"/></tr></table><p class="totop"><a href="#summary">back to summary</a></p>
<h3 id="m36">com.qa.opencart.ProductInfoPageTest#productDataTest</h3><table class="result"><tr><th class="invisible"/></tr></table><p class="totop"><a href="#summary">back to summary</a></p>
<h3 id="m37">com.qa.opencart.ProductInfoPageTest#productImagesCountTest</h3><table class="result"><tr><th class="invisible"/></tr></table><p class="totop"><a href="#summary">back to summary</a></p>
<h3 id="m38">com.qa.opencart.ProductInfoPageTest#productNavTabCountTest</h3><table class="result"><tr><th class="invisible"/></tr></table><p class="totop"><a href="#summary">back to summary</a></p>
<h3 id="m39">com.qa.opencart.ProductInfoPageTest#quantityLabelTest</h3><table class="result"><tr><th class="invisible"/></tr></table><p class="totop"><a href="#summary">back to summary</a></p>
<h3 id="m40">com.qa.opencart.ProductInfoPageTest#quantityTextBoxTest</h3><table class="result"><tr><th class="invisible"/></tr></table><p class="totop"><a href="#summary">back to summary</a></p>
<h3 id="m41">com.qa.opencart.ProductInfoPageTest#specificationLinkTest</h3><table class="result"><tr><th class="invisible"/></tr></table><p class="totop"><a href="#summary">back to summary</a></p>
<h3 id="m42">com.qa.opencart.ProductInfoPageTest#wishListButtonTest</h3><table class="result"><tr><th class="invisible"/></tr></table><p class="totop"><a href="#summary">back to summary</a></p>
</body>
</html>
